#
# There is insufficient memory for the Java Runtime Environment to continue.
# Native memory allocation (mmap) failed to map 264241152 bytes. Error detail: G1 virtual space
# Possible reasons:
#   The system is out of physical RAM or swap space
#   This process is running with CompressedOops enabled, and the Java Heap may be blocking the growth of the native heap
# Possible solutions:
#   Reduce memory load on the system
#   Increase physical memory or swap space
#   Check if swap backing store is full
#   Decrease Java heap size (-Xmx/-Xms)
#   Decrease number of Java threads
#   Decrease Java thread stack sizes (-Xss)
#   Set larger code cache with -XX:ReservedCodeCacheSize=
#   JVM is running with Zero Based Compressed Oops mode in which the Java heap is
#     placed in the first 32GB address space. The Java Heap base address is the
#     maximum limit for the native heap growth. Please use -XX:HeapBaseMinAddress
#     to set the Java Heap base and to place the Java Heap above 32GB virtual address.
# This output file may be truncated or incomplete.
#
#  Out of Memory Error (os_windows.cpp:3815), pid=22140, tid=24280
#
# JRE version:  (21.0.3) (build )
# Java VM: OpenJDK 64-Bit Server VM (21.0.3+-12282718-b509.11, mixed mode, sharing, tiered, compressed oops, compressed class ptrs, g1 gc, windows-amd64)
# No core dump will be written. Minidumps are not enabled by default on client versions of Windows
#

---------------  S U M M A R Y ------------

Command Line: git4idea.http.GitAskPassApp Username for 'https://github.com': 

Host: 11th Gen Intel(R) Core(TM) i7-11370H @ 3.30GHz, 8 cores, 15G,  Windows 11 , 64 bit Build 26100 (10.0.26100.2454)
Time: Wed Dec  4 18:23:08 2024 ora solare Europa occidentale elapsed time: 1.037432 seconds (0d 0h 0m 1s)

---------------  T H R E A D  ---------------

Current thread (0x0000016bf923de30):  JavaThread "Unknown thread" [_thread_in_vm, id=24280, stack(0x0000004db9200000,0x0000004db9300000) (1024K)]

Stack: [0x0000004db9200000,0x0000004db9300000]
Native frames: (J=compiled Java code, j=interpreted, Vv=VM code, C=native code)
V  [jvm.dll+0x6cafb9]
V  [jvm.dll+0x858523]
V  [jvm.dll+0x85aa7e]
V  [jvm.dll+0x85b163]
V  [jvm.dll+0x27d356]
V  [jvm.dll+0x6c7865]
V  [jvm.dll+0x6bbd3a]
V  [jvm.dll+0x35199b]
V  [jvm.dll+0x3595d6]
V  [jvm.dll+0x3aa826]
V  [jvm.dll+0x3aaaf8]
V  [jvm.dll+0x3240bc]
V  [jvm.dll+0x324dab]
V  [jvm.dll+0x81fd89]
V  [jvm.dll+0x3b7c08]
V  [jvm.dll+0x80921d]
V  [jvm.dll+0x44c05e]
V  [jvm.dll+0x44d6b1]
C  [jli.dll+0x52ab]
C  [ucrtbase.dll+0x14ea0]
C  [KERNEL32.DLL+0x2e8d7]
C  [ntdll.dll+0xdfbcc]


---------------  P R O C E S S  ---------------

Threads class SMR info:
_java_thread_list=0x00007fffc28d57c8, length=0, elements={
}

Java Threads: ( => current thread )
Total: 0

Other Threads:
  0x0000016bf930e870 WorkerThread "GC Thread#0"                     [id=21684, stack(0x0000004db9300000,0x0000004db9400000) (1024K)]
  0x0000016bfb51a840 ConcurrentGCThread "G1 Main Marker"            [id=12300, stack(0x0000004db9400000,0x0000004db9500000) (1024K)]
  0x0000016bfb51c180 WorkerThread "G1 Conc#0"                       [id=27284, stack(0x0000004db9500000,0x0000004db9600000) (1024K)]

[error occurred during error reporting (printing all threads), id 0xc0000005, EXCEPTION_ACCESS_VIOLATION (0xc0000005) at pc=0x00007fffc20d7197]
VM state: not at safepoint (not fully initialized)

VM Mutex/Monitor currently owned by a thread:  ([mutex/lock_event])
[0x00007fffc29421c8] Heap_lock - owner thread: 0x0000016bf923de30

Heap address: 0x0000000704c00000, size: 4020 MB, Compressed Oops mode: Zero based, Oop shift amount: 3

CDS archive(s) mapped at: [0x0000000000000000-0x0000000000000000-0x0000000000000000), size 0, SharedBaseAddress: 0x0000000800000000, ArchiveRelocationMode: 1.
Narrow klass base: 0x0000000000000000, Narrow klass shift: 0, Narrow klass range: 0x0

GC Precious Log:
 CardTable entry size: 512
 Card Set container configuration: InlinePtr #cards 4 size 8 Array Of Cards #cards 16 size 48 Howl #buckets 8 coarsen threshold 3686 Howl Bitmap #cards 512 size 80 coarsen threshold 460 Card regions per heap region 1 cards per card region 4096

Heap:
 garbage-first heap   total 0K, used 0K [0x0000000704c00000, 0x0000000800000000)
  region size 2048K, 0 young (0K), 0 survivors (0K)
 Metaspace       used 0K, committed 0K, reserved 0K
  class space    used 0K, committed 0K, reserved 0K

Heap Regions: E=young(eden), S=young(survivor), O=old, HS=humongous(starts), HC=humongous(continues), CS=collection set, F=free, TAMS=top-at-mark-start, PB=parsable bottom

Card table byte_map: [0x0000016bff100000,0x0000016bff8e0000] _byte_map_base: 0x0000016bfb8da000

Marking Bits: (CMBitMap*) 0x0000016bfb50a420
 Bits: [0x0000016b8f000000, 0x0000016b92ed0000)

GC Heap History (0 events):
No events

Dll operation events (1 events):
Event: 0.006 Loaded shared library C:\Program Files\Android\Android Studio\jbr\bin\java.dll

Deoptimization events (0 events):
No events

Classes loaded (0 events):
No events

Classes unloaded (0 events):
No events

Classes redefined (0 events):
No events

Internal exceptions (0 events):
No events

ZGC Phase Switch (0 events):
No events

VM Operations (0 events):
No events

Events (0 events):
No events


Dynamic libraries:
0x00007ff693410000 - 0x00007ff69341a000 	C:\Program Files\Android\Android Studio\jbr\bin\java.exe
0x00007ff84cee0000 - 0x00007ff84d143000 	C:\WINDOWS\SYSTEM32\ntdll.dll
0x00007ff84c390000 - 0x00007ff84c458000 	C:\WINDOWS\System32\KERNEL32.DLL
0x00007ff84a370000 - 0x00007ff84a722000 	C:\WINDOWS\System32\KERNELBASE.dll
0x00007ff84a900000 - 0x00007ff84aa4b000 	C:\WINDOWS\System32\ucrtbase.dll
0x00007ff83a0e0000 - 0x00007ff83a0f8000 	C:\Program Files\Android\Android Studio\jbr\bin\jli.dll
0x00007ff83ffb0000 - 0x00007ff83ffcb000 	C:\Program Files\Android\Android Studio\jbr\bin\VCRUNTIME140.dll
0x00007ff84c0a0000 - 0x00007ff84c268000 	C:\WINDOWS\System32\USER32.dll
0x00007ff830780000 - 0x00007ff830a10000 	C:\WINDOWS\WinSxS\amd64_microsoft.windows.common-controls_6595b64144ccf1df_6.0.26100.2454_none_3e0b68a2e331ad60\COMCTL32.dll
0x00007ff84abd0000 - 0x00007ff84abf7000 	C:\WINDOWS\System32\win32u.dll
0x00007ff84b5a0000 - 0x00007ff84b649000 	C:\WINDOWS\System32\msvcrt.dll
0x00007ff84cd30000 - 0x00007ff84cd5a000 	C:\WINDOWS\System32\GDI32.dll
0x00007ff84a730000 - 0x00007ff84a85b000 	C:\WINDOWS\System32\gdi32full.dll
0x00007ff84ac00000 - 0x00007ff84aca3000 	C:\WINDOWS\System32\msvcp_win.dll
0x00007ff84b040000 - 0x00007ff84b06f000 	C:\WINDOWS\System32\IMM32.DLL
0x00007ff844390000 - 0x00007ff84439c000 	C:\Program Files\Android\Android Studio\jbr\bin\vcruntime140_1.dll
0x00007ffff87f0000 - 0x00007ffff887d000 	C:\Program Files\Android\Android Studio\jbr\bin\msvcp140.dll
0x00007fffc1da0000 - 0x00007fffc2a1d000 	C:\Program Files\Android\Android Studio\jbr\bin\server\jvm.dll
0x00007ff84cb80000 - 0x00007ff84cc34000 	C:\WINDOWS\System32\ADVAPI32.dll
0x00007ff84cd60000 - 0x00007ff84ce06000 	C:\WINDOWS\System32\sechost.dll
0x00007ff84c270000 - 0x00007ff84c386000 	C:\WINDOWS\System32\RPCRT4.dll
0x00007ff84b080000 - 0x00007ff84b0f4000 	C:\WINDOWS\System32\WS2_32.dll
0x00007ff848f80000 - 0x00007ff848fce000 	C:\WINDOWS\SYSTEM32\POWRPROF.dll
0x00007ff840b50000 - 0x00007ff840b5b000 	C:\WINDOWS\SYSTEM32\VERSION.dll
0x00007ff83e4e0000 - 0x00007ff83e516000 	C:\WINDOWS\SYSTEM32\WINMM.dll
0x00007ff848f60000 - 0x00007ff848f74000 	C:\WINDOWS\SYSTEM32\UMPDC.dll
0x00007ff849200000 - 0x00007ff84921a000 	C:\WINDOWS\SYSTEM32\kernel.appcore.dll
0x00007ff83df00000 - 0x00007ff83df0a000 	C:\Program Files\Android\Android Studio\jbr\bin\jimage.dll
0x00007ff847970000 - 0x00007ff847bb1000 	C:\WINDOWS\SYSTEM32\DBGHELP.DLL
0x00007ff84b210000 - 0x00007ff84b58e000 	C:\WINDOWS\System32\combase.dll
0x00007ff84af10000 - 0x00007ff84afe6000 	C:\WINDOWS\System32\OLEAUT32.dll
0x00007ff811fd0000 - 0x00007ff812009000 	C:\WINDOWS\SYSTEM32\dbgcore.DLL
0x00007ff84a860000 - 0x00007ff84a8f9000 	C:\WINDOWS\System32\bcryptPrimitives.dll
0x00007ff83dec0000 - 0x00007ff83dedf000 	C:\Program Files\Android\Android Studio\jbr\bin\java.dll

dbghelp: loaded successfully - version: 4.0.5 - missing functions: none
symbol engine: initialized successfully - sym options: 0x614 - pdb path: .;C:\Program Files\Android\Android Studio\jbr\bin;C:\WINDOWS\SYSTEM32;C:\WINDOWS\WinSxS\amd64_microsoft.windows.common-controls_6595b64144ccf1df_6.0.26100.2454_none_3e0b68a2e331ad60;C:\Program Files\Android\Android Studio\jbr\bin\server

VM Arguments:
java_command: git4idea.http.GitAskPassApp Username for 'https://github.com': 
java_class_path (initial): C:/Program Files/Android/Android Studio/plugins/vcs-git/lib/git4idea-rt.jar;C:/Program Files/Android/Android Studio/lib/externalProcess-rt.jar
Launcher Type: SUN_STANDARD

[Global flags]
     intx CICompilerCount                          = 4                                         {product} {ergonomic}
     uint ConcGCThreads                            = 2                                         {product} {ergonomic}
     uint G1ConcRefinementThreads                  = 8                                         {product} {ergonomic}
   size_t G1HeapRegionSize                         = 2097152                                   {product} {ergonomic}
    uintx GCDrainStackTargetSize                   = 64                                        {product} {ergonomic}
   size_t InitialHeapSize                          = 264241152                                 {product} {ergonomic}
   size_t MarkStackSize                            = 4194304                                   {product} {ergonomic}
   size_t MaxHeapSize                              = 4215275520                                {product} {ergonomic}
   size_t MinHeapDeltaBytes                        = 2097152                                   {product} {ergonomic}
   size_t MinHeapSize                              = 8388608                                   {product} {ergonomic}
    uintx NonNMethodCodeHeapSize                   = 5839372                                {pd product} {ergonomic}
    uintx NonProfiledCodeHeapSize                  = 122909434                              {pd product} {ergonomic}
    uintx ProfiledCodeHeapSize                     = 122909434                              {pd product} {ergonomic}
    uintx ReservedCodeCacheSize                    = 251658240                              {pd product} {ergonomic}
     bool SegmentedCodeCache                       = true                                      {product} {ergonomic}
   size_t SoftMaxHeapSize                          = 4215275520                             {manageable} {ergonomic}
     bool UseCompressedOops                        = true                           {product lp64_product} {ergonomic}
     bool UseG1GC                                  = true                                      {product} {ergonomic}
     bool UseLargePagesIndividualAllocation        = false                                  {pd product} {ergonomic}

Logging:
Log output configuration:
 #0: stdout all=warning uptime,level,tags foldmultilines=false
 #1: stderr all=off uptime,level,tags foldmultilines=false

Environment Variables:
PATH=C:/Program Files/Git/mingw64/libexec/git-core;C:/Program Files/Git/mingw64/libexec/git-core;C:\Program Files\Git\mingw64\bin;C:\Program Files\Git\usr\bin;C:\Users\adolfo\bin;C:\Program Files (x86)\Common Files\Oracle\Java\javapath;C:\Windows\system32;C:\Windows;C:\Windows\System32\Wbem;C:\Windows\System32\WindowsPowerShell\v1.0\;C:\Windows\System32\OpenSSH\;C:\Program Files (x86)\NVIDIA Corporation\PhysX\Common;C:\WINDOWS\system32;C:\WINDOWS;C:\WINDOWS\System32\Wbem;C:\WINDOWS\System32\WindowsPowerShell\v1.0\;C:\WINDOWS\System32\OpenSSH\;C:\Program Files\dotnet\;C:\Program Files\Git\cmd;C:\Program Files\NVIDIA Corporation\NVIDIA app\NvDLISR;C:\Users\adolfo\dev\flutter\bin
USERNAME=adolfo
DISPLAY=:0.0
LC_ALL=en_US.UTF-8
TERM=xterm-256color
TMPDIR=C:\Users\adolfo\AppData\Local\Temp
OS=Windows_NT
PROCESSOR_IDENTIFIER=Intel64 Family 6 Model 140 Stepping 1, GenuineIntel
TMP=C:\Users\adolfo\AppData\Local\Temp
TEMP=C:\Users\adolfo\AppData\Local\Temp




Periodic native trim disabled

JNI global refs:
JNI global refs: 0, weak refs: 0

JNI global refs memory usage: 0, weak refs: 0

Process memory usage:
Resident Set Size: 12772K (0% of 16461136K total physical memory with 1159888K free physical memory)

OOME stack traces (most recent first):
Classloader memory used:

---------------  S Y S T E M  ---------------

OS:
 Windows 11 , 64 bit Build 26100 (10.0.26100.2454)
OS uptime: 8 days 8:05 hours

CPU: total 8 (initial active 8) (4 cores per cpu, 2 threads per core) family 6 model 140 stepping 1 microcode 0x86, cx8, cmov, fxsr, ht, mmx, 3dnowpref, sse, sse2, sse3, ssse3, sse4.1, sse4.2, popcnt, lzcnt, tsc, tscinvbit, avx, avx2, aes, erms, clmul, bmi1, bmi2, adx, avx512f, avx512dq, avx512cd, avx512bw, avx512vl, sha, fma, vzeroupper, avx512_vpopcntdq, avx512_vpclmulqdq, avx512_vaes, avx512_vnni, clflush, clflushopt, clwb, avx512_vbmi2, avx512_vbmi, rdtscp, rdpid, fsrm, gfni, avx512_bitalg, f16c, pku, cet_ibt, cet_ss, avx512_ifma
Processor Information for all 8 processors :
  Max Mhz: 3302, Current Mhz: 3302, Mhz Limit: 3302

Memory: 4k page, system-wide physical 16075M (1132M free)
TotalPageFile size 65227M (AvailPageFile size 92M)
current process WorkingSet (physical memory assigned to process): 12M, peak: 12M
current process commit charge ("private bytes"): 60M, peak: 312M

vm_info: OpenJDK 64-Bit Server VM (21.0.3+-12282718-b509.11) for windows-amd64 JRE (21.0.3+-12282718-b509.11), built on 2024-08-27T17:34:15Z by "builder" with MS VC++ 16.10 / 16.11 (VS2019)

END.
